<?xml version="1.0" encoding="UTF-8"?>
<project version="4">
  <component name="JUnitGeneratorProjectSettings">
    <option name="outputFilePattern" value="test/${SOURCEPATH}${PACKAGE}/${FILENAME}" />
    <option name="useProjectSettings" value="true" />
  </component>
</project>

